<?xml version="1.0" encoding="UTF-8"?>
<!-- Generated by org.testng.reporters.JUnitXMLReporter -->
<testsuite ignored="0" hostname="hus" failures="0" tests="9" name="TrendyolTest" time="181.406" errors="0" timestamp="2020-02-03T20:35:55 EET">
  <testcase classname="tests.LoginTest" name="invalidLoginTest_InvalidUserNameInvalidPassword" time="21.635"/>
  <testcase classname="tests.LoginTest" name="invalidLoginTest_EmptyUserEmptyPassword" time="5.519"/>
  <testcase classname="tests.LoginTest" name="validLoginTest_CorrectUserAndPass" time="7.315"/>
  <testcase classname="tests.NavigationTabTest" name="checkImages" time="70.9"/>
  <testcase classname="tests.NavigationTabTest" name="verifyOpenRandomTab" time="2.986"/>
  <testcase classname="tests.BoutiqueTest" name="verifyOpenRandomBoutique" time="16.511"/>
  <testcase classname="tests.BoutiqueTest" name="verifyProductImage" time="6.363"/>
  <testcase classname="tests.BoutiqueTest" name="verifyOpenProductDetail" time="6.361"/>
  <testcase classname="tests.BoutiqueTest" name="verifyAddToBasket" time="12.366"/>
</testsuite> <!-- TrendyolTest -->
