<?xml version="1.0" encoding="UTF-8"?>
<testsuite xmlns:xsi="http://www.w3.org/2001/XMLSchema-instance" xsi:schemaLocation="https://maven.apache.org/surefire/maven-surefire-plugin/xsd/surefire-test-report.xsd" name="TestSuite" time="182.399" tests="9" errors="0" skipped="0" failures="0">
  <properties>
[...]
</properties>
  <testcase name="invalidLoginTest_InvalidUserNameInvalidPassword" classname="tests.LoginTest" time="21.638"/>
  <testcase name="invalidLoginTest_EmptyUserEmptyPassword" classname="tests.LoginTest" time="5.519"/>
  <testcase name="validLoginTest_CorrectUserAndPass" classname="tests.LoginTest" time="7.313"/>
  <testcase name="checkImages" classname="tests.NavigationTabTest" time="70.9"/>
  <testcase name="verifyOpenRandomTab" classname="tests.NavigationTabTest" time="2.986"/>
  <testcase name="verifyOpenRandomBoutique" classname="tests.BoutiqueTest" time="16.511"/>
  <testcase name="verifyProductImage" classname="tests.BoutiqueTest" time="6.362"/>
  <testcase name="verifyOpenProductDetail" classname="tests.BoutiqueTest" time="6.367"/>
  <testcase name="verifyAddToBasket" classname="tests.BoutiqueTest" time="12.362"/>
</testsuite>